Arguments: 
  /home/ec2-user/.nvm/versions/node/v10.24.0/bin/node /home/ec2-user/.nvm/versions/node/v10.24.0/bin/yarn init

PATH: 
  /home/ec2-user/.rvm/gems/ruby-2.6.3/bin:/home/ec2-user/.rvm/gems/ruby-2.6.3@global/bin:/home/ec2-user/.rvm/rubies/ruby-2.6.3/bin:/home/ec2-user/.rvm/bin:/home/ec2-user/.nvm/versions/node/v10.24.0/bin:/usr/local/bin:/usr/bin:/home/ec2-user/.local/bin:/home/ec2-user/bin:/usr/local/bin:/usr/local/sbin:/usr/sbin:/home/ec2-user/.local/bin:/home/ec2-user/bin:/usr/local/bin:/home/ec2-user/.local/bin:/home/ec2-user/bin:/home/ec2-user/.local/bin:/home/ec2-user/bin:/usr/local/bin:/home/ec2-user/.local/bin:/home/ec2-user/bin

Yarn version: 
  1.22.10

Node version: 
  10.24.0

Platform: 
  linux x64

Trace: 
  Error: canceled
      at Interface.<anonymous> (/home/ec2-user/.nvm/versions/node/v10.24.0/lib/node_modules/yarn/lib/cli.js:136216:13)
      at Interface.emit (events.js:198:13)
      at Interface._ttyWrite (readline.js:801:16)
      at ReadStream.onkeypress (readline.js:184:10)
      at ReadStream.emit (events.js:198:13)
      at emitKeys (internal/readline.js:424:14)
      at emitKeys.next (<anonymous>)
      at ReadStream.onData (readline.js:1073:36)
      at ReadStream.emit (events.js:198:13)
      at addChunk (_stream_readable.js:288:12)

npm manifest: 
  {
    "name": "lets_pizza",
    "private": true,
    "dependencies": {}
  }

yarn manifest: 
  No manifest

Lockfile: 
  No lockfile
